<?xml version="1.0" encoding="UTF-8"?>
<!-- Generated by org.testng.reporters.JUnitReportReporter -->
<testsuite hostname="DESKTOP-3MV9EFC" failures="0" tests="1" name="aster24b.MyOtherTestCaseClass" time="0.023" errors="0" timestamp="2025-06-10T23:37:57 IST" skipped="0">
  <testcase classname="aster24b.MyOtherTestCaseClass" name="m3" time="0.023"/>
</testsuite> <!-- aster24b.MyOtherTestCaseClass -->
