<?xml version="1.0" encoding="UTF-8"?>
<!-- Generated by org.testng.reporters.JUnitReportReporter -->
<testsuite hostname="DESKTOP-3MV9EFC" failures="0" tests="1" name="com.skillio.HomePageForGoIBIBO" time="59.468" errors="0" timestamp="2025-06-27T00:25:25 IST" skipped="0">
  <testcase classname="com.skillio.HomePageForGoIBIBO" name="verifyOneStopFilteredFlights" time="59.468"/>
</testsuite> <!-- com.skillio.HomePageForGoIBIBO -->
