<?xml version="1.0" encoding="UTF-8"?>
<!-- Generated by org.testng.reporters.JUnitReportReporter -->
<testsuite hostname="DESKTOP-3MV9EFC" failures="0" tests="6" name="com.datadriventesting.MyDataDrivenTest" time="95.606" errors="0" timestamp="2025-06-26T15:41:49 IST" skipped="3">
  <testcase classname="com.datadriventesting.MyDataDrivenTest" name="verifyIfProductIsNoteDeliverableInArea" time="38.110"/>
  <testcase classname="com.datadriventesting.MyDataDrivenTest" name="verifyIfProductIsNoteDeliverableInArea" time="15.663"/>
  <testcase classname="com.datadriventesting.MyDataDrivenTest" name="verifyIfProductIsNoteDeliverableInArea" time="41.833"/>
  <testcase classname="com.datadriventesting.MyDataDrivenTest" name="verifyIfProductIsDeliverableInArea">
    <skipped/>
  </testcase> <!-- verifyIfProductIsDeliverableInArea -->
  <testcase classname="com.datadriventesting.MyDataDrivenTest" name="verifyIfProductIsDeliverableInArea">
    <skipped/>
  </testcase> <!-- verifyIfProductIsDeliverableInArea -->
  <testcase classname="com.datadriventesting.MyDataDrivenTest" name="verifyIfProductIsDeliverableInArea">
    <skipped/>
  </testcase> <!-- verifyIfProductIsDeliverableInArea -->
</testsuite> <!-- com.datadriventesting.MyDataDrivenTest -->
