<?xml version="1.0" encoding="UTF-8"?>
<!-- Generated by org.testng.reporters.JUnitReportReporter -->
<testsuite hostname="DESKTOP-3MV9EFC" failures="0" tests="2" name="aster24b.A" time="0.006" errors="0" timestamp="2025-06-21T00:08:40 IST" skipped="0">
  <testcase classname="aster24b.A" name="m1" time="0.003"/>
  <testcase classname="aster24b.A" name="m2" time="0.003"/>
</testsuite> <!-- aster24b.A -->
