<?xml version="1.0" encoding="UTF-8"?>
<!-- Generated by org.testng.reporters.JUnitReportReporter -->
<testsuite hostname="DESKTOP-3MV9EFC" failures="0" tests="4" name="aster24b.MyTestCase" time="0.052" errors="0" timestamp="2025-06-21T00:08:40 IST" skipped="0">
  <testcase classname="aster24b.MyTestCase" name="m1" time="0.042"/>
  <testcase classname="aster24b.MyTestCase" name="m3" time="0.003"/>
  <testcase classname="aster24b.MyTestCase" name="m4" time="0.004"/>
  <testcase classname="aster24b.MyTestCase" name="m2" time="0.003"/>
</testsuite> <!-- aster24b.MyTestCase -->
