<?xml version="1.0" encoding="UTF-8"?>
<!-- Generated by org.testng.reporters.JUnitReportReporter -->
<testsuite hostname="DESKTOP-3MV9EFC" failures="0" tests="7" name="com.listenerdemo.TestCases" time="0.026" errors="0" timestamp="2025-06-26T16:40:04 IST" skipped="0">
  <testcase classname="com.listenerdemo.TestCases" name="m3" time="0.003"/>
  <testcase classname="com.listenerdemo.TestCases" name="m2" time="0.002"/>
  <testcase classname="com.listenerdemo.TestCases" name="m4" time="0.003"/>
  <testcase classname="com.listenerdemo.TestCases" name="m6" time="0.003"/>
  <testcase classname="com.listenerdemo.TestCases" name="m7" time="0.004"/>
  <testcase classname="com.listenerdemo.TestCases" name="m5" time="0.002"/>
  <testcase classname="com.listenerdemo.TestCases" name="m1" time="0.009"/>
</testsuite> <!-- com.listenerdemo.TestCases -->
